<?xml version="1.0" encoding="UTF-8"?>
<!-- Generated by org.testng.reporters.JUnitXMLReporter -->
<testsuite hostname="PC329535" name="Test5" tests="1" failures="1" timestamp="20 Feb 2018 09:15:59 GMT" time="43.205" errors="0">
  <testcase name="bookDIRECTmultiroom" time="43.175" classname="automationFramework.Accommodation_booking_Direct_multiroom">
    <failure type="java.lang.AssertionError" message="Sheet index (9) is out of range (0..0) expected [true] but found [false]">
      <![CDATA[java.lang.AssertionError: Sheet index (9) is out of range (0..0) expected [true] but found [false]
	at automationFramework.Accommodation_booking_Direct_multiroom.bookDIRECTmultiroom(Accommodation_booking_Direct_multiroom.java:157)
... Removed 27 stack frames]]>
    </failure>
  </testcase> <!-- bookDIRECTmultiroom -->
</testsuite> <!-- Test5 -->
