<?xml version="1.0" encoding="UTF-8"?>
<testng-results skipped="0" failed="0" total="2" passed="2">
  <reporter-output>
  </reporter-output>
  <suite name="Suite" duration-ms="63289" started-at="2018-06-20T14:32:29Z" finished-at="2018-06-20T14:33:32Z">
    <groups>
    </groups>
    <test name="Test17" duration-ms="63289" started-at="2018-06-20T14:32:29Z" finished-at="2018-06-20T14:33:32Z">
      <class name="Tour.Tour_search_apply_filters">
        <test-method status="PASS" signature="login(java.lang.String)[pri:0, instance:Tour.Tour_search_apply_filters@3234e239]" name="login" duration-ms="26299" started-at="2018-06-20T20:02:29Z" finished-at="2018-06-20T20:02:55Z">
          <params>
            <param index="0">
              <value>
                <![CDATA[CH]]>
              </value>
            </param>
          </params>
          <reporter-output>
          </reporter-output>
        </test-method> <!-- login -->
        <test-method status="PASS" signature="getResult(org.testng.ITestResult)[pri:0, instance:Tour.Tour_search_apply_filters@3234e239]" name="getResult" is-config="true" duration-ms="4" started-at="2018-06-20T20:02:55Z" finished-at="2018-06-20T20:02:55Z">
          <params>
            <param index="0">
              <value>
                <![CDATA[[TestResult name=login status=SUCCESS method=Tour_search_apply_filters.login(java.lang.String)[pri:0, instance:Tour.Tour_search_apply_filters@3234e239] output={null}]]]>
              </value>
            </param>
          </params>
          <reporter-output>
          </reporter-output>
        </test-method> <!-- getResult -->
        <test-method status="PASS" signature="searchtour()[pri:0, instance:Tour.Tour_search_apply_filters@3234e239]" name="searchtour" duration-ms="36926" started-at="2018-06-20T20:02:55Z" depends-on-methods="Tour.Tour_search_apply_filters.login" finished-at="2018-06-20T20:03:32Z">
          <reporter-output>
          </reporter-output>
        </test-method> <!-- searchtour -->
        <test-method status="PASS" signature="getResult(org.testng.ITestResult)[pri:0, instance:Tour.Tour_search_apply_filters@3234e239]" name="getResult" is-config="true" duration-ms="1" started-at="2018-06-20T20:03:32Z" finished-at="2018-06-20T20:03:32Z">
          <params>
            <param index="0">
              <value>
                <![CDATA[[TestResult name=searchtour status=SUCCESS method=Tour_search_apply_filters.searchtour()[pri:0, instance:Tour.Tour_search_apply_filters@3234e239] output={null}]]]>
              </value>
            </param>
          </params>
          <reporter-output>
          </reporter-output>
        </test-method> <!-- getResult -->
        <test-method status="PASS" signature="afterTest()[pri:0, instance:Tour.Tour_search_apply_filters@3234e239]" name="afterTest" is-config="true" duration-ms="43" started-at="2018-06-20T20:03:32Z" finished-at="2018-06-20T20:03:32Z">
          <reporter-output>
          </reporter-output>
        </test-method> <!-- afterTest -->
      </class> <!-- Tour.Tour_search_apply_filters -->
    </test> <!-- Test17 -->
  </suite> <!-- Suite -->
</testng-results>
